<?xml version="1.0" encoding="utf-8"?><testsuites name="pytest tests"><testsuite name="pytest" errors="0" failures="0" skipped="0" tests="23" time="5.646" timestamp="2026-08-19T03:08:38.279757+00:00" hostname="agent-env-51f8b78c-f01d-4521-9564-3f9068118221"><testcase classname="tests.test_auth_and_profiles.TestDBBindingFix" name="test_auth_binds_to_astrology_db" time="0.217" /><testcase classname="tests.test_auth_and_profiles.TestAuthEndpoints" name="test_session_invalid_returns_401" time="0.227" /><testcase classname="tests.test_auth_and_profiles.TestAuthEndpoints" name="test_session_missing_id_returns_401" time="0.134" /><testcase classname="tests.test_auth_and_profiles.TestAuthEndpoints" name="test_me_without_auth_returns_401" time="0.126" /><testcase classname="tests.test_auth_and_profiles.TestAuthEndpoints" name="test_me_with_seeded_token" time="0.137" /><testcase classname="tests.test_auth_and_profiles.TestAuthEndpoints" name="test_logout_clears_session" time="0.289" /><testcase classname="tests.test_auth_and_profiles.TestProfilesAuthGate" name="test_get_profiles_requires_auth" time="0.123" /><testcase classname="tests.test_auth_and_profiles.TestProfilesAuthGate" name="test_post_profiles_requires_auth" time="0.128" /><testcase classname="tests.test_auth_and_profiles.TestProfilesAuthGate" name="test_get_profile_by_id_requires_auth" time="0.139" /><testcase classname="tests.test_auth_and_profiles.TestProfilesAuthGate" name="test_delete_profile_requires_auth" time="0.143" /><testcase classname="tests.test_auth_and_profiles.TestProfilesAuthGate" name="test_put_profile_rename_requires_auth" time="0.122" /><testcase classname="tests.test_auth_and_profiles.TestProfilesCrudAndIsolation" name="test_full_crud_and_scoping" time="0.990" /><testcase classname="tests.test_auth_and_profiles.TestProfileRename" name="test_rename_own_profile_success" time="0.438" /><testcase classname="tests.test_auth_and_profiles.TestProfileRename" name="test_rename_empty_label_returns_400" time="0.273" /><testcase classname="tests.test_auth_and_profiles.TestProfileRename" name="test_rename_other_users_profile_returns_404" time="0.306" /><testcase classname="tests.test_auth_and_profiles.TestFeedback" name="test_feedback_open_no_auth_success" time="0.137" /><testcase classname="tests.test_auth_and_profiles.TestFeedback" name="test_feedback_empty_returns_400" time="0.107" /><testcase classname="tests.test_auth_and_profiles.TestFeedback" name="test_feedback_with_auth_stores_email" time="0.128" /><testcase classname="tests.test_auth_and_profiles.TestOpenEndpoints" name="test_horoscope_open" time="0.488" /><testcase classname="tests.test_auth_and_profiles.TestOpenEndpoints" name="test_generate_pdf_open" time="0.589" /><testcase classname="tests.test_auth_and_profiles.TestOpenEndpoints" name="test_compatibility_open" time="0.157" /><testcase classname="tests.test_auth_and_profiles.TestSessionExpiryAndIndexes" name="test_expired_seeded_session_rejected" time="0.116" /><testcase classname="tests.test_auth_and_profiles.TestSessionExpiryAndIndexes" name="test_no_ttl_index_on_user_sessions" time="0.001" /></testsuite></testsuites>