<?xml version="1.0" encoding="utf-8"?><testsuites name="pytest tests"><testsuite name="pytest" errors="0" failures="0" skipped="0" tests="29" time="6.428" timestamp="2026-08-19T21:57:45.933487+00:00" hostname="agent-env-51f8b78c-f01d-4521-9564-3f9068118221"><testcase classname="backend.tests.test_auth_and_profiles.TestDBBindingFix" name="test_auth_binds_to_astrology_db" time="0.215" /><testcase classname="backend.tests.test_auth_and_profiles.TestAuthEndpoints" name="test_session_invalid_returns_401" time="0.243" /><testcase classname="backend.tests.test_auth_and_profiles.TestAuthEndpoints" name="test_session_missing_id_returns_401" time="0.111" /><testcase classname="backend.tests.test_auth_and_profiles.TestAuthEndpoints" name="test_me_without_auth_returns_401" time="0.123" /><testcase classname="backend.tests.test_auth_and_profiles.TestAuthEndpoints" name="test_me_with_seeded_token" time="0.142" /><testcase classname="backend.tests.test_auth_and_profiles.TestAuthEndpoints" name="test_logout_clears_session" time="0.303" /><testcase classname="backend.tests.test_auth_and_profiles.TestProfilesAuthGate" name="test_get_profiles_requires_auth" time="0.120" /><testcase classname="backend.tests.test_auth_and_profiles.TestProfilesAuthGate" name="test_post_profiles_requires_auth" time="0.124" /><testcase classname="backend.tests.test_auth_and_profiles.TestProfilesAuthGate" name="test_get_profile_by_id_requires_auth" time="0.127" /><testcase classname="backend.tests.test_auth_and_profiles.TestProfilesAuthGate" name="test_delete_profile_requires_auth" time="0.107" /><testcase classname="backend.tests.test_auth_and_profiles.TestProfilesAuthGate" name="test_put_profile_rename_requires_auth" time="0.115" /><testcase classname="backend.tests.test_auth_and_profiles.TestProfilesCrudAndIsolation" name="test_full_crud_and_scoping" time="1.124" /><testcase classname="backend.tests.test_auth_and_profiles.TestProfileRename" name="test_rename_own_profile_success" time="0.416" /><testcase classname="backend.tests.test_auth_and_profiles.TestProfileRename" name="test_rename_empty_label_returns_400" time="0.274" /><testcase classname="backend.tests.test_auth_and_profiles.TestProfileRename" name="test_rename_other_users_profile_returns_404" time="0.295" /><testcase classname="backend.tests.test_auth_and_profiles.TestFeedback" name="test_feedback_open_no_auth_success" time="0.123" /><testcase classname="backend.tests.test_auth_and_profiles.TestFeedback" name="test_feedback_empty_returns_400" time="0.150" /><testcase classname="backend.tests.test_auth_and_profiles.TestFeedback" name="test_feedback_with_auth_stores_email" time="0.125" /><testcase classname="backend.tests.test_auth_and_profiles.TestCorrections" name="test_corrections_store_one_document_with_birth_context" time="0.122" /><testcase classname="backend.tests.test_auth_and_profiles.TestOpenEndpoints" name="test_horoscope_open" time="0.513" /><testcase classname="backend.tests.test_auth_and_profiles.TestOpenEndpoints" name="test_generate_pdf_open" time="0.657" /><testcase classname="backend.tests.test_auth_and_profiles.TestOpenEndpoints" name="test_compatibility_open" time="0.174" /><testcase classname="backend.tests.test_auth_and_profiles.TestSessionExpiryAndIndexes" name="test_expired_seeded_session_rejected" time="0.110" /><testcase classname="backend.tests.test_auth_and_profiles.TestSessionExpiryAndIndexes" name="test_no_ttl_index_on_user_sessions" time="0.001" /><testcase classname="backend.tests.test_corrections_grouped_submission.TestCorrectionsGroupedPayload" name="test_grouped_submission_persists_single_document_with_required_nested_fields" time="0.129" /><testcase classname="backend.tests.test_corrections_grouped_submission.TestCorrectionsGroupedPayload" name="test_empty_corrections_list_returns_400_and_does_not_persist" time="0.137" /><testcase classname="backend.tests.test_panchangam_api.TestPanchangamApi" name="test_get_panchangam_english_returns_200_and_required_fields" time="0.115" /><testcase classname="backend.tests.test_vakyakarana_ayanamsa" name="test_vakyakarana_treatise_checkpoint_kali_4383" time="0.019" /><testcase classname="backend.tests.test_vakyakarana_ayanamsa" name="test_traditional_ascendant_subtracts_vakyakarana_ayanamsa" time="0.020" /></testsuite></testsuites>